build/app/intermediates/manifest_merge_blame_file/debug/manifest-merger-blame-debug-report.txt
1<?xml version="1.0" encoding="utf-8"?>
2<manifest xmlns:android="http://schemas.android.com/apk/res/android"
3    package="com.example.erwini"
4    android:versionCode="1"
5    android:versionName="1.0.0" >
6
7    <uses-sdk
8        android:minSdkVersion="16"
9        android:targetSdkVersion="33" />
10    <!--
11         The INTERNET permission is required for development. Specifically,
12         the Flutter tool needs it to communicate with the running application
13         to allow setting breakpoints, to provide hot reload, etc.
14    -->
15    <uses-permission android:name="android.permission.INTERNET" />
15-->src\debug\AndroidManifest.xml:7:5-66
15-->src\debug\AndroidManifest.xml:7:22-64
16    <uses-permission android:name="android.permission.RECEIVE_BOOT_COMPLETED" />
16-->[:flutter_local_notifications] AndroidManifest.xml:7:5-81
16-->[:flutter_local_notifications] AndroidManifest.xml:7:22-78
17    <uses-permission android:name="android.permission.VIBRATE" />
17-->[:flutter_local_notifications] AndroidManifest.xml:8:5-66
17-->[:flutter_local_notifications] AndroidManifest.xml:8:22-63
18    <uses-permission android:name="android.permission.USE_FULL_SCREEN_INTENT" />
18-->[:flutter_local_notifications] AndroidManifest.xml:9:5-81
18-->[:flutter_local_notifications] AndroidManifest.xml:9:22-78
19
20    <application
21        android:name="android.app.Application"
22        android:appComponentFactory="androidx.core.app.CoreComponentFactory"
22-->[androidx.core:core:1.6.0] AndroidManifest.xml:24:18-86
23        android:debuggable="true"
24        android:icon="@mipmap/ic_launcher"
25        android:label="lib" >
26        <activity
27            android:name="com.example.erwini.MainActivity"
28            android:configChanges="orientation|keyboardHidden|keyboard|screenSize|smallestScreenSize|locale|layoutDirection|fontScale|screenLayout|density|uiMode"
29            android:exported="true"
30            android:hardwareAccelerated="true"
31            android:launchMode="singleTop"
32            android:theme="@style/LaunchTheme"
33            android:windowSoftInputMode="adjustResize" >
34
35            <!--
36                 Specifies an Android theme to apply to this Activity as soon as
37                 the Android process has started. This theme is visible to the user
38                 while the Flutter UI initializes. After that, this theme continues
39                 to determine the Window background behind the Flutter UI.
40            -->
41            <meta-data
42                android:name="io.flutter.embedding.android.NormalTheme"
43                android:resource="@style/NormalTheme" />
44
45            <intent-filter>
46                <action android:name="android.intent.action.MAIN" />
47
48                <category android:name="android.intent.category.LAUNCHER" />
49            </intent-filter>
50        </activity>
51        <!--
52             Don't delete the meta-data below.
53             This is used by the Flutter tool to generate GeneratedPluginRegistrant.java
54        -->
55        <receiver
56            android:name="com.dexterous.flutterlocalnotifications.ScheduledNotificationBootReceiver"
57            android:exported="false" >
58            <intent-filter>
59                <action android:name="android.intent.action.BOOT_COMPLETED" />
59-->[:flutter_local_notifications] AndroidManifest.xml:15:17-79
59-->[:flutter_local_notifications] AndroidManifest.xml:15:25-76
60            </intent-filter>
61            <intent-filter>
61-->[:flutter_local_notifications] AndroidManifest.xml:14:13-19:29
62                <action android:name="android.intent.action.BOOT_COMPLETED" />
62-->[:flutter_local_notifications] AndroidManifest.xml:15:17-79
62-->[:flutter_local_notifications] AndroidManifest.xml:15:25-76
63                <action android:name="android.intent.action.MY_PACKAGE_REPLACED" />
63-->[:flutter_local_notifications] AndroidManifest.xml:16:17-84
63-->[:flutter_local_notifications] AndroidManifest.xml:16:25-81
64                <action android:name="android.intent.action.QUICKBOOT_POWERON" />
64-->[:flutter_local_notifications] AndroidManifest.xml:17:17-82
64-->[:flutter_local_notifications] AndroidManifest.xml:17:25-79
65                <action android:name="com.htc.intent.action.QUICKBOOT_POWERON" />
65-->[:flutter_local_notifications] AndroidManifest.xml:18:17-82
65-->[:flutter_local_notifications] AndroidManifest.xml:18:25-79
66            </intent-filter>
67        </receiver>
68
69        <meta-data
70            android:name="flutterEmbedding"
71            android:value="2" />
72
73        <receiver android:name="com.dexterous.flutterlocalnotifications.ScheduledNotificationReceiver" />
73-->[:flutter_local_notifications] AndroidManifest.xml:12:9-106
73-->[:flutter_local_notifications] AndroidManifest.xml:12:19-103
74
75        <uses-library
75-->[androidx.window:window:1.0.0-beta04] AndroidManifest.xml:25:9-27:40
76            android:name="androidx.window.extensions"
76-->[androidx.window:window:1.0.0-beta04] AndroidManifest.xml:26:13-54
77            android:required="false" />
77-->[androidx.window:window:1.0.0-beta04] AndroidManifest.xml:27:13-37
78        <uses-library
78-->[androidx.window:window:1.0.0-beta04] AndroidManifest.xml:28:9-30:40
79            android:name="androidx.window.sidecar"
79-->[androidx.window:window:1.0.0-beta04] AndroidManifest.xml:29:13-51
80            android:required="false" />
80-->[androidx.window:window:1.0.0-beta04] AndroidManifest.xml:30:13-37
81    </application>
82
83</manifest>